[site122268.nicepage.io/index3868.html]
[backblue.gif]
[fade.gif]
[index.html]
[site122268.nicepage.io/nicepage.css]
[site122268.nicepage.io/Page-1.css]
[capp.nicepage.com/1eb2dcd2714488c0ef25b6236e5b3262eff266b3/nicepage.js]
[capp.nicepage.com/assets/jquery-1.9.1.min.js]
[site122268.nicepage.io/Page-1.html]
[images01.nicepage.com/4ecf64d9535ea50270c13255/4d7093ae942755efa4051432/a72c30bc-3c25-44f9-9594-cc18984519ca.png]
[images01.nicepage.com/4ecf64d9535ea50270c13255/f5b72ef9db375a4580eac96c/18b25577-1403-43e1-a064-167251408a8c.jpg]
[images01.nicepage.com/4ecf64d9535ea50270c13255/be6de2af6af25588913a5415/b361f743-2ea1-4a66-b1d8-36af1dad06ea.jpg]
[site122268.nicepage.io/images/7.html]
[images01.nicepage.com/4ecf64d9535ea50270c13255/cf4e3b51bc4d550bae59467c/a2491d39-30bb-4e97-a64d-9b6b34de3121.jpg]
[images01.nicepage.com/4ecf64d9535ea50270c13255/8ac90537a7fc5104a7f0b4e5/91082ffe-eeaa-40a3-bd06-8d6b03a23c9b.jpg]
[images01.nicepage.com/4ecf64d9535ea50270c13255/ef343f6118625b3d86fb2bdd/10943397-1c42-42e8-b372-ae51392b10d1.jpg]
[site122268.nicepage.io/index3868.html]
[site122268.nicepage.io/nicepage.css]
[site122268.nicepage.io/Page-1.css]
[capp.nicepage.com/1eb2dcd2714488c0ef25b6236e5b3262eff266b3/nicepage.js]
[site122268.nicepage.io/Page-1.html]
[site122268.nicepage.io/Content/BundledScripts/index.html]
[site122268.nicepage.io/ABCDEFGHIJKLMNOPQRSTUVWXYZabcdefghijklmnopqrstuvwxyz0123456789+/index.html]
[site122268.nicepage.io/images/nicepage.html]
[site122268.nicepage.io/images/7.html]
[site122268.nicepage.io/images/404.html]
[site122268.nicepage.io/Content/BundledScripts/nicepage.html]
[site122268.nicepage.io/Content/BundledScripts/index.html]
[site122268.nicepage.io/Content/BundledScripts/404.html]
[site122268.nicepage.io/ABCDEFGHIJKLMNOPQRSTUVWXYZabcdefghijklmnopqrstuvwxyz0123456789+/nicepage.html]
[site122268.nicepage.io/ABCDEFGHIJKLMNOPQRSTUVWXYZabcdefghijklmnopqrstuvwxyz0123456789+/index.html]
[site122268.nicepage.io/images/nicepage.html]
[site122268.nicepage.io/images/404.html]
[site122268.nicepage.io/Content/BundledScripts/nicepage.html]
[site122268.nicepage.io/Content/BundledScripts/404.html]
[site122268.nicepage.io/ABCDEFGHIJKLMNOPQRSTUVWXYZabcdefghijklmnopqrstuvwxyz0123456789+/nicepage.html]
[site122268.nicepage.io/ABCDEFGHIJKLMNOPQRSTUVWXYZabcdefghijklmnopqrstuvwxyz0123456789+/404.html]
[site122268.nicepage.io/ABCDEFGHIJKLMNOPQRSTUVWXYZabcdefghijklmnopqrstuvwxyz0123456789+/404.html]
